<?xml version="1.0" encoding="UTF-8"?>
<!-- Generated by org.testng.reporters.JUnitXMLReporter -->
<testsuite hostname="Deepak-Sharma1" ignored="0" name="Default test" tests="4" failures="0" timestamp="05 Jul 2019 08:57:36 GMT" time="0.056" errors="0">
  <testcase name="division" time="0.012" classname="Maven_Demo.Artifact_Maven_Demo.DeepakTest"/>
  <testcase name="multiply" time="0.002" classname="Maven_Demo.Artifact_Maven_Demo.DeepakTest"/>
  <testcase name="subtract" time="0.002" classname="Maven_Demo.Artifact_Maven_Demo.DeepakTest"/>
  <testcase name="sum" time="0.002" classname="Maven_Demo.Artifact_Maven_Demo.DeepakTest"/>
</testsuite> <!-- Default test -->
