<?xml version="1.0" encoding="UTF-8"?>
<!-- Generated by org.testng.reporters.JUnitXMLReporter -->
<testsuite hostname="Deepak-Sharma1" ignored="0" name="Test" tests="4" failures="0" timestamp="05 Jul 2019 11:15:34 GMT" time="0.058" errors="0">
  <testcase name="division" time="0.013" classname="Maven_Demo.Artifact_Maven_Demo.DeepakTest"/>
  <testcase name="multiply" time="0.003" classname="Maven_Demo.Artifact_Maven_Demo.DeepakTest"/>
  <testcase name="subtract" time="0.003" classname="Maven_Demo.Artifact_Maven_Demo.DeepakTest"/>
  <testcase name="sum" time="0.002" classname="Maven_Demo.Artifact_Maven_Demo.DeepakTest"/>
</testsuite> <!-- Test -->
