<?xml version="1.0" encoding="UTF-8"?>
<!-- Generated by org.testng.reporters.JUnitXMLReporter -->
<testsuite hostname="Deepak-Sharma1" ignored="0" name="Test" tests="12" failures="0" timestamp="05 Jul 2019 11:18:38 GMT" time="0.053" errors="0">
  <testcase name="division" time="0.008" classname="Maven_Demo.Artifact_Maven_Demo.DeepakTest"/>
  <testcase name="multiply" time="0.0" classname="Maven_Demo.Artifact_Maven_Demo.DeepakTest"/>
  <testcase name="subtract" time="0.0" classname="Maven_Demo.Artifact_Maven_Demo.DeepakTest"/>
  <testcase name="sum" time="0.001" classname="Maven_Demo.Artifact_Maven_Demo.DeepakTest"/>
  <testcase name="division" time="0.001" classname="Maven_Demo.Artifact_Maven_Demo.DeepakTest2"/>
  <testcase name="multiply" time="0.001" classname="Maven_Demo.Artifact_Maven_Demo.DeepakTest2"/>
  <testcase name="subtract" time="0.001" classname="Maven_Demo.Artifact_Maven_Demo.DeepakTest2"/>
  <testcase name="sum" time="0.001" classname="Maven_Demo.Artifact_Maven_Demo.DeepakTest2"/>
  <testcase name="division" time="0.001" classname="Maven_Demo.Artifact_Maven_Demo.DeepakTest3"/>
  <testcase name="multiply" time="0.0" classname="Maven_Demo.Artifact_Maven_Demo.DeepakTest3"/>
  <testcase name="subtract" time="0.0" classname="Maven_Demo.Artifact_Maven_Demo.DeepakTest3"/>
  <testcase name="sum" time="0.001" classname="Maven_Demo.Artifact_Maven_Demo.DeepakTest3"/>
</testsuite> <!-- Test -->
