<?xml version="1.0" encoding="UTF-8"?>
<testng-results skipped="0" failed="0" ignored="0" total="4" passed="4">
  <reporter-output>
  </reporter-output>
  <suite name="Suite" duration-ms="58" started-at="2019-07-05T11:15:33Z" finished-at="2019-07-05T11:15:33Z">
    <groups>
    </groups>
    <test name="Test" duration-ms="58" started-at="2019-07-05T11:15:33Z" finished-at="2019-07-05T11:15:33Z">
      <class name="Maven_Demo.Artifact_Maven_Demo.DeepakTest">
        <test-method status="PASS" signature="division()[pri:0, instance:Maven_Demo.Artifact_Maven_Demo.DeepakTest@5c7fa833]" name="division" duration-ms="13" started-at="2019-07-05T11:15:33Z" finished-at="2019-07-05T11:15:33Z">
          <reporter-output>
          </reporter-output>
        </test-method> <!-- division -->
        <test-method status="PASS" signature="multiply()[pri:0, instance:Maven_Demo.Artifact_Maven_Demo.DeepakTest@5c7fa833]" name="multiply" duration-ms="3" started-at="2019-07-05T11:15:33Z" finished-at="2019-07-05T11:15:33Z">
          <reporter-output>
          </reporter-output>
        </test-method> <!-- multiply -->
        <test-method status="PASS" signature="subtract()[pri:0, instance:Maven_Demo.Artifact_Maven_Demo.DeepakTest@5c7fa833]" name="subtract" duration-ms="3" started-at="2019-07-05T11:15:33Z" finished-at="2019-07-05T11:15:33Z">
          <reporter-output>
          </reporter-output>
        </test-method> <!-- subtract -->
        <test-method status="PASS" signature="sum()[pri:0, instance:Maven_Demo.Artifact_Maven_Demo.DeepakTest@5c7fa833]" name="sum" duration-ms="2" started-at="2019-07-05T11:15:33Z" finished-at="2019-07-05T11:15:33Z">
          <reporter-output>
          </reporter-output>
        </test-method> <!-- sum -->
      </class> <!-- Maven_Demo.Artifact_Maven_Demo.DeepakTest -->
    </test> <!-- Test -->
  </suite> <!-- Suite -->
</testng-results>
